 ○ Compiling / ...

warn - The class `duration-[800ms]` is ambiguous and matches multiple utilities.
warn - If this is content and not a class, replace it with `duration-&lsqb;800ms&rsqb;` to silence this warning.
 ✓ Compiled / in 36.7s
 GET / 200 in 41651ms
 ○ Compiling /dashboard ...
 ✓ Compiled /dashboard in 1449ms
 GET /dashboard 200 in 1567ms

> nextn@0.1.0 dev
> next dev --turbopack -p 9002

   ▲ Next.js 15.5.9 (Turbopack)
   - Local:        http://localhost:9002
   - Network:      http://10.0.0.34:9002
   - Environments: .env.local, .env
   - Experiments (use with caution):
     · serverActions

 ✓ Starting...
 ✓ Ready in 6s
 ○ Compiling / ...

warn - The class `duration-[800ms]` is ambiguous and matches multiple utilities.
warn - If this is content and not a class, replace it with `duration-&lsqb;800ms&rsqb;` to silence this warning.
 ✓ Compiled / in 32.5s
 GET / 200 in 36670ms
 ○ Compiling /dashboard ...
 ✓ Compiled /dashboard in 879ms
 GET /dashboard 200 in 1017ms
 GET / 200 in 277ms
 ○ Compiling /checkout ...
 ✓ Compiled /checkout in 2.4s
 GET /checkout?mode=admin&step=1 200 in 2620ms
 POST /checkout?mode=admin&step=1 200 in 311ms
 POST /checkout?mode=admin&step=1 200 in 220ms
 ○ Compiling /[slug]/dashboard ...
 ✓ Compiled /[slug]/dashboard in 6.8s
 GET /lapuente/dashboard 200 in 9395ms
 GET / 200 in 195ms
 GET / 200 in 284ms
 ✓ Compiled in 5.1s
 ✓ Compiled in 1412ms
[?25h
